
12월 19, 2020 23:57:33.824 NEW SESSION
12월 19, 2020 23:57:33.824 [13276:5552:1219/235733.821:ERROR:device_event_log_impl.cc(211)] [23:57:33.821] Bluetooth: bluetooth_adapter_winrt.cc:1073 Getting Default Adapter failed.
12월 19, 2020 23:58:39.204 [18160:13220:1219/235839.204:ERROR:device_event_log_impl.cc(211)] [23:58:39.203] Bluetooth: bluetooth_adapter_winrt.cc:1073 Getting Default Adapter failed.
12월 20, 2020 24:05:22.334 [16268:17984:1220/000522.333:ERROR:device_event_log_impl.cc(211)] [00:05:22.332] Bluetooth: bluetooth_adapter_winrt.cc:1073 Getting Default Adapter failed.
12월 20, 2020 24:08:48.81 [19172:1708:1220/000848.080:ERROR:device_event_log_impl.cc(211)] [00:08:48.080] Bluetooth: bluetooth_adapter_winrt.cc:1073 Getting Default Adapter failed.

12월 20, 2020 24:22:22.825 NEW SESSION
12월 20, 2020 24:22:22.825 [17736:736:1220/002222.821:ERROR:device_event_log_impl.cc(211)] [00:22:22.822] Bluetooth: bluetooth_adapter_winrt.cc:1073 Getting Default Adapter failed.

12월 21, 2020 24:21:23.737 NEW SESSION
12월 21, 2020 24:21:23.737 [13600:11216:1221/002123.735:ERROR:device_event_log_impl.cc(211)] [00:21:23.736] Bluetooth: bluetooth_adapter_winrt.cc:1073 Getting Default Adapter failed.
12월 21, 2020 24:22:02.490 [19012:17444:1221/002202.490:ERROR:device_event_log_impl.cc(211)] [00:22:02.490] Bluetooth: bluetooth_adapter_winrt.cc:1073 Getting Default Adapter failed.
12월 21, 2020 24:30:17.457 [7508:19164:1221/003017.457:ERROR:device_event_log_impl.cc(211)] [00:30:17.457] Bluetooth: bluetooth_adapter_winrt.cc:1073 Getting Default Adapter failed.
12월 21, 2020 24:40:09.97 [1221/004009.087:ERROR:directory_reader_win.cc(43)] FindFirstFile: 지정된 경로를 찾을 수 없습니다. (0x3)
12월 21, 2020 24:45:02.184 [13248:15228:1221/004502.183:ERROR:device_event_log_impl.cc(211)] [00:45:02.184] Bluetooth: bluetooth_adapter_winrt.cc:1073 Getting Default Adapter failed.

12월 21, 2020 24:49:49.754 NEW SESSION
12월 21, 2020 24:49:49.754 [10164:16348:1221/004949.753:ERROR:device_event_log_impl.cc(211)] [00:49:49.753] Bluetooth: bluetooth_adapter_winrt.cc:1073 Getting Default Adapter failed.
12월 21, 2020 24:57:36.935 [10004:15284:1221/005736.934:ERROR:device_event_log_impl.cc(211)] [00:57:36.935] Bluetooth: bluetooth_adapter_winrt.cc:1073 Getting Default Adapter failed.
12월 21, 2020 01:07:33.836 [1221/010733.834:ERROR:directory_reader_win.cc(43)] FindFirstFile: 지정된 경로를 찾을 수 없습니다. (0x3)

12월 22, 2020 12:39:25.978 NEW SESSION
12월 22, 2020 12:39:25.978 [12160:11932:1222/123925.976:ERROR:device_event_log_impl.cc(211)] [12:39:25.976] Bluetooth: bluetooth_adapter_winrt.cc:1073 Getting Default Adapter failed.
12월 22, 2020 12:40:16.09 [2964:6092:1222/124016.009:ERROR:device_event_log_impl.cc(211)] [12:40:16.008] Bluetooth: bluetooth_adapter_winrt.cc:1073 Getting Default Adapter failed.
12월 22, 2020 12:42:29.768 [15960:2932:1222/124229.768:ERROR:device_event_log_impl.cc(211)] [12:42:29.767] Bluetooth: bluetooth_adapter_winrt.cc:1073 Getting Default Adapter failed.
12월 22, 2020 12:49:32.508 [15332:11884:1222/124932.508:ERROR:device_event_log_impl.cc(211)] [12:49:32.508] Bluetooth: bluetooth_adapter_winrt.cc:1073 Getting Default Adapter failed.
12월 22, 2020 13:37:51.817 [8172:13240:1222/133751.816:ERROR:device_event_log_impl.cc(211)] [13:37:51.816] Bluetooth: bluetooth_adapter_winrt.cc:1073 Getting Default Adapter failed.
12월 22, 2020 13:55:34.296 [3480:1752:1222/135534.296:ERROR:device_event_log_impl.cc(211)] [13:55:34.296] Bluetooth: bluetooth_adapter_winrt.cc:1073 Getting Default Adapter failed.
12월 22, 2020 13:56:16.677 [1222/135616.676:ERROR:filesystem_win.cc(129)] GetFileAttributes C:\Users\1\AppData\Local\Google\Chrome\User Data\Crashpad\attachments\9ded79e3-99af-4ee7-ac48-0b30be3ce832: 지정된 경로를 찾을 수 없습니다. (0x3)
12월 22, 2020 14:54:18.106 [15904:17360:1222/145418.106:ERROR:device_event_log_impl.cc(211)] [14:54:18.105] Bluetooth: bluetooth_adapter_winrt.cc:1073 Getting Default Adapter failed.
12월 22, 2020 14:57:48.898 [8556:7896:1222/145748.898:ERROR:device_event_log_impl.cc(211)] [14:57:48.898] Bluetooth: bluetooth_adapter_winrt.cc:1073 Getting Default Adapter failed.
12월 22, 2020 15:01:58.259 [10008:12448:1222/150158.259:ERROR:device_event_log_impl.cc(211)] [15:01:58.259] Bluetooth: bluetooth_adapter_winrt.cc:1073 Getting Default Adapter failed.
12월 22, 2020 15:11:48.812 [1222/151148.809:ERROR:directory_reader_win.cc(43)] FindFirstFile: 지정된 경로를 찾을 수 없습니다. (0x3)

12월 22, 2020 15:31:52.552 NEW SESSION
12월 22, 2020 15:31:52.552 [14904:21012:1222/153152.549:ERROR:device_event_log_impl.cc(211)] [15:31:52.549] Bluetooth: bluetooth_adapter_winrt.cc:1073 Getting Default Adapter failed.

12월 22, 2020 15:34:01.612 NEW SESSION
12월 22, 2020 15:34:01.612 [13752:20848:1222/153401.610:ERROR:device_event_log_impl.cc(211)] [15:34:01.611] Bluetooth: bluetooth_adapter_winrt.cc:1073 Getting Default Adapter failed.
12월 22, 2020 15:41:09.177 [14716:19100:1222/154109.177:ERROR:device_event_log_impl.cc(211)] [15:41:09.177] Bluetooth: bluetooth_adapter_winrt.cc:1073 Getting Default Adapter failed.
12월 22, 2020 15:42:37.801 [9184:8480:1222/154237.800:ERROR:device_event_log_impl.cc(211)] [15:42:37.800] Bluetooth: bluetooth_adapter_winrt.cc:1073 Getting Default Adapter failed.
12월 22, 2020 15:52:26.260 [1222/155226.259:ERROR:directory_reader_win.cc(43)] FindFirstFile: 지정된 경로를 찾을 수 없습니다. (0x3)

12월 24, 2020 15:01:59.453 NEW SESSION
12월 24, 2020 15:01:59.453 [17716:17476:1224/150159.450:ERROR:device_event_log_impl.cc(211)] [15:01:59.451] Bluetooth: bluetooth_adapter_winrt.cc:1073 Getting Default Adapter failed.
12월 24, 2020 15:08:44.733 [22216:13056:1224/150844.732:ERROR:device_event_log_impl.cc(211)] [15:08:44.733] Bluetooth: bluetooth_adapter_winrt.cc:1073 Getting Default Adapter failed.
12월 24, 2020 15:11:00.869 [20508:23644:1224/151100.868:ERROR:device_event_log_impl.cc(211)] [15:11:00.867] Bluetooth: bluetooth_adapter_winrt.cc:1073 Getting Default Adapter failed.
12월 24, 2020 15:14:00.313 [11416:19468:1224/151400.313:ERROR:device_event_log_impl.cc(211)] [15:14:00.313] Bluetooth: bluetooth_adapter_winrt.cc:1073 Getting Default Adapter failed.
12월 24, 2020 15:14:43.898 [21916:22040:1224/151443.898:ERROR:device_event_log_impl.cc(211)] [15:14:43.898] Bluetooth: bluetooth_adapter_winrt.cc:1073 Getting Default Adapter failed.
12월 24, 2020 15:19:10.88 [20520:13128:1224/151910.088:ERROR:device_event_log_impl.cc(211)] [15:19:10.087] Bluetooth: bluetooth_adapter_winrt.cc:1073 Getting Default Adapter failed.
12월 24, 2020 15:29:29.707 [23192:12740:1224/152929.707:ERROR:device_event_log_impl.cc(211)] [15:29:29.707] Bluetooth: bluetooth_adapter_winrt.cc:1073 Getting Default Adapter failed.
12월 26, 2020 23:27:03.534 [19548:16308:1226/232703.534:ERROR:device_event_log_impl.cc(211)] [23:27:03.534] Bluetooth: bluetooth_adapter_winrt.cc:1073 Getting Default Adapter failed.
12월 26, 2020 23:41:54.945 [22696:15048:1226/234154.944:ERROR:device_event_log_impl.cc(211)] [23:41:54.944] Bluetooth: bluetooth_adapter_winrt.cc:1073 Getting Default Adapter failed.
12월 26, 2020 23:51:44.305 [1226/235144.303:ERROR:directory_reader_win.cc(43)] FindFirstFile: 지정된 경로를 찾을 수 없습니다. (0x3)
12월 27, 2020 24:33:02.548 [24416:24004:1227/003302.548:ERROR:device_event_log_impl.cc(211)] [00:33:02.547] Bluetooth: bluetooth_adapter_winrt.cc:1073 Getting Default Adapter failed.
12월 27, 2020 24:38:29.680 [1080:22248:1227/003829.679:ERROR:device_event_log_impl.cc(211)] [00:38:29.679] Bluetooth: bluetooth_adapter_winrt.cc:1073 Getting Default Adapter failed.

12월 27, 2020 10:12:02.695 NEW SESSION
12월 27, 2020 10:12:02.695 [22160:3596:1227/101202.694:ERROR:device_event_log_impl.cc(211)] [10:12:02.694] Bluetooth: bluetooth_adapter_winrt.cc:1073 Getting Default Adapter failed.
12월 27, 2020 10:12:25.501 [13032:22076:1227/101225.501:ERROR:device_event_log_impl.cc(211)] [10:12:25.501] Bluetooth: bluetooth_adapter_winrt.cc:1073 Getting Default Adapter failed.

12월 27, 2020 10:13:27.587 NEW SESSION
12월 27, 2020 10:13:27.588 [21964:4252:1227/101327.584:ERROR:device_event_log_impl.cc(211)] [10:13:27.584] Bluetooth: bluetooth_adapter_winrt.cc:1073 Getting Default Adapter failed.

12월 27, 2020 10:16:19.827 NEW SESSION
12월 27, 2020 10:16:19.827 [18612:19820:1227/101619.825:ERROR:device_event_log_impl.cc(211)] [10:16:19.825] Bluetooth: bluetooth_adapter_winrt.cc:1073 Getting Default Adapter failed.
12월 27, 2020 10:18:02.378 [21276:20936:1227/101802.377:ERROR:device_event_log_impl.cc(211)] [10:18:02.378] Bluetooth: bluetooth_adapter_winrt.cc:1073 Getting Default Adapter failed.
12월 27, 2020 10:36:22.779 [24404:21976:1227/103622.778:ERROR:device_event_log_impl.cc(211)] [10:36:22.778] Bluetooth: bluetooth_adapter_winrt.cc:1073 Getting Default Adapter failed.
12월 27, 2020 12:37:03.420 [24404:21976:1227/123703.419:ERROR:device_event_log_impl.cc(211)] [12:37:03.419] USB: usb_service_win.cc:258 Failed to get device driver name: 요소가 없습니다. (0x490)
12월 27, 2020 12:42:00.141 [1227/124200.138:ERROR:directory_reader_win.cc(43)] FindFirstFile: 지정된 경로를 찾을 수 없습니다. (0x3)
12월 27, 2020 23:06:26.708 [12756:11836:1227/230626.707:ERROR:device_event_log_impl.cc(211)] [23:06:26.707] Bluetooth: bluetooth_adapter_winrt.cc:1073 Getting Default Adapter failed.
12월 27, 2020 23:12:16.496 [12640:21676:1227/231216.495:ERROR:device_event_log_impl.cc(211)] [23:12:16.495] Bluetooth: bluetooth_adapter_winrt.cc:1073 Getting Default Adapter failed.

12월 27, 2020 23:43:35.544 NEW SESSION
12월 27, 2020 23:43:35.544 [23616:20512:1227/234335.541:ERROR:device_event_log_impl.cc(211)] [23:43:35.541] Bluetooth: bluetooth_adapter_winrt.cc:1073 Getting Default Adapter failed.
12월 27, 2020 23:49:33.765 [21116:10352:1227/234933.763:ERROR:device_event_log_impl.cc(211)] [23:49:33.763] Bluetooth: bluetooth_adapter_winrt.cc:1073 Getting Default Adapter failed.
